Analysis & Synthesis report for Lab3
Mon Feb 25 00:52:08 2019
Quartus Prime Version 18.1.0 Build 625 09/12/2018 SJ Lite Edition


---------------------
; Table of Contents ;
---------------------
  1. Legal Notice
  2. Analysis & Synthesis Summary
  3. Analysis & Synthesis Settings
  4. Parallel Compilation
  5. Analysis & Synthesis Source Files Read
  6. Analysis & Synthesis Resource Usage Summary
  7. Analysis & Synthesis Resource Utilization by Entity
  8. User-Specified and Inferred Latches
  9. General Register Statistics
 10. Inverted Register Statistics
 11. Multiplexer Restructuring Statistics (Restructuring Performed)
 12. Port Connectivity Checks: "binto7seg:u4"
 13. Port Connectivity Checks: "binto7seg:u3"
 14. Port Connectivity Checks: "binto7seg:u2"
 15. Port Connectivity Checks: "clock:u1"
 16. Post-Synthesis Netlist Statistics for Top Partition
 17. Elapsed Time Per Partition
 18. Analysis & Synthesis Messages



----------------
; Legal Notice ;
----------------
Copyright (C) 2018  Intel Corporation. All rights reserved.
Your use of Intel Corporation's design tools, logic functions 
and other software and tools, and its AMPP partner logic 
functions, and any output files from any of the foregoing 
(including device programming or simulation files), and any 
associated documentation or information are expressly subject 
to the terms and conditions of the Intel Program License 
Subscription Agreement, the Intel Quartus Prime License Agreement,
the Intel FPGA IP License Agreement, or other applicable license
agreement, including, without limitation, that your use is for
the sole purpose of programming logic devices manufactured by
Intel and sold by Intel or its authorized distributors.  Please
refer to the applicable agreement for further details.



+-------------------------------------------------------------------------------+
; Analysis & Synthesis Summary                                                  ;
+---------------------------------+---------------------------------------------+
; Analysis & Synthesis Status     ; Successful - Mon Feb 25 00:52:08 2019       ;
; Quartus Prime Version           ; 18.1.0 Build 625 09/12/2018 SJ Lite Edition ;
; Revision Name                   ; Lab3                                        ;
; Top-level Entity Name           ; lab3                                        ;
; Family                          ; Cyclone V                                   ;
; Logic utilization (in ALMs)     ; N/A                                         ;
; Total registers                 ; 89                                          ;
; Total pins                      ; 57                                          ;
; Total virtual pins              ; 0                                           ;
; Total block memory bits         ; 0                                           ;
; Total DSP Blocks                ; 0                                           ;
; Total HSSI RX PCSs              ; 0                                           ;
; Total HSSI PMA RX Deserializers ; 0                                           ;
; Total HSSI TX PCSs              ; 0                                           ;
; Total HSSI PMA TX Serializers   ; 0                                           ;
; Total PLLs                      ; 0                                           ;
; Total DLLs                      ; 0                                           ;
+---------------------------------+---------------------------------------------+


+---------------------------------------------------------------------------------------------------------------------------+
; Analysis & Synthesis Settings                                                                                             ;
+---------------------------------------------------------------------------------+--------------------+--------------------+
; Option                                                                          ; Setting            ; Default Value      ;
+---------------------------------------------------------------------------------+--------------------+--------------------+
; Device                                                                          ; 5CEBA4F23C7        ;                    ;
; Top-level entity name                                                           ; Lab3               ; Lab3               ;
; Family name                                                                     ; Cyclone V          ; Cyclone V          ;
; Use smart compilation                                                           ; Off                ; Off                ;
; Enable parallel Assembler and Timing Analyzer during compilation                ; On                 ; On                 ;
; Enable compact report table                                                     ; Off                ; Off                ;
; Restructure Multiplexers                                                        ; Auto               ; Auto               ;
; MLAB Add Timing Constraints For Mixed-Port Feed-Through Mode Setting Don't Care ; Off                ; Off                ;
; Create Debugging Nodes for IP Cores                                             ; Off                ; Off                ;
; Preserve fewer node names                                                       ; On                 ; On                 ;
; Intel FPGA IP Evaluation Mode                                                   ; Enable             ; Enable             ;
; Verilog Version                                                                 ; Verilog_2001       ; Verilog_2001       ;
; VHDL Version                                                                    ; VHDL_1993          ; VHDL_1993          ;
; State Machine Processing                                                        ; Auto               ; Auto               ;
; Safe State Machine                                                              ; Off                ; Off                ;
; Extract Verilog State Machines                                                  ; On                 ; On                 ;
; Extract VHDL State Machines                                                     ; On                 ; On                 ;
; Ignore Verilog initial constructs                                               ; Off                ; Off                ;
; Iteration limit for constant Verilog loops                                      ; 5000               ; 5000               ;
; Iteration limit for non-constant Verilog loops                                  ; 250                ; 250                ;
; Add Pass-Through Logic to Inferred RAMs                                         ; On                 ; On                 ;
; Infer RAMs from Raw Logic                                                       ; On                 ; On                 ;
; Parallel Synthesis                                                              ; On                 ; On                 ;
; DSP Block Balancing                                                             ; Auto               ; Auto               ;
; NOT Gate Push-Back                                                              ; On                 ; On                 ;
; Power-Up Don't Care                                                             ; On                 ; On                 ;
; Remove Redundant Logic Cells                                                    ; Off                ; Off                ;
; Remove Duplicate Registers                                                      ; On                 ; On                 ;
; Ignore CARRY Buffers                                                            ; Off                ; Off                ;
; Ignore CASCADE Buffers                                                          ; Off                ; Off                ;
; Ignore GLOBAL Buffers                                                           ; Off                ; Off                ;
; Ignore ROW GLOBAL Buffers                                                       ; Off                ; Off                ;
; Ignore LCELL Buffers                                                            ; Off                ; Off                ;
; Ignore SOFT Buffers                                                             ; On                 ; On                 ;
; Limit AHDL Integers to 32 Bits                                                  ; Off                ; Off                ;
; Optimization Technique                                                          ; Balanced           ; Balanced           ;
; Carry Chain Length                                                              ; 70                 ; 70                 ;
; Auto Carry Chains                                                               ; On                 ; On                 ;
; Auto Open-Drain Pins                                                            ; On                 ; On                 ;
; Perform WYSIWYG Primitive Resynthesis                                           ; Off                ; Off                ;
; Auto ROM Replacement                                                            ; On                 ; On                 ;
; Auto RAM Replacement                                                            ; On                 ; On                 ;
; Auto DSP Block Replacement                                                      ; On                 ; On                 ;
; Auto Shift Register Replacement                                                 ; Auto               ; Auto               ;
; Allow Shift Register Merging across Hierarchies                                 ; Auto               ; Auto               ;
; Auto Clock Enable Replacement                                                   ; On                 ; On                 ;
; Strict RAM Replacement                                                          ; Off                ; Off                ;
; Allow Synchronous Control Signals                                               ; On                 ; On                 ;
; Force Use of Synchronous Clear Signals                                          ; Off                ; Off                ;
; Auto Resource Sharing                                                           ; Off                ; Off                ;
; Allow Any RAM Size For Recognition                                              ; Off                ; Off                ;
; Allow Any ROM Size For Recognition                                              ; Off                ; Off                ;
; Allow Any Shift Register Size For Recognition                                   ; Off                ; Off                ;
; Use LogicLock Constraints during Resource Balancing                             ; On                 ; On                 ;
; Ignore translate_off and synthesis_off directives                               ; Off                ; Off                ;
; Timing-Driven Synthesis                                                         ; On                 ; On                 ;
; Report Parameter Settings                                                       ; On                 ; On                 ;
; Report Source Assignments                                                       ; On                 ; On                 ;
; Report Connectivity Checks                                                      ; On                 ; On                 ;
; Ignore Maximum Fan-Out Assignments                                              ; Off                ; Off                ;
; Synchronization Register Chain Length                                           ; 3                  ; 3                  ;
; Power Optimization During Synthesis                                             ; Normal compilation ; Normal compilation ;
; HDL message level                                                               ; Level2             ; Level2             ;
; Suppress Register Optimization Related Messages                                 ; Off                ; Off                ;
; Number of Removed Registers Reported in Synthesis Report                        ; 5000               ; 5000               ;
; Number of Swept Nodes Reported in Synthesis Report                              ; 5000               ; 5000               ;
; Number of Inverted Registers Reported in Synthesis Report                       ; 100                ; 100                ;
; Clock MUX Protection                                                            ; On                 ; On                 ;
; Auto Gated Clock Conversion                                                     ; Off                ; Off                ;
; Block Design Naming                                                             ; Auto               ; Auto               ;
; SDC constraint protection                                                       ; Off                ; Off                ;
; Synthesis Effort                                                                ; Auto               ; Auto               ;
; Shift Register Replacement - Allow Asynchronous Clear Signal                    ; On                 ; On                 ;
; Pre-Mapping Resynthesis Optimization                                            ; Off                ; Off                ;
; Analysis & Synthesis Message Level                                              ; Medium             ; Medium             ;
; Disable Register Merging Across Hierarchies                                     ; Auto               ; Auto               ;
; Resource Aware Inference For Block RAM                                          ; On                 ; On                 ;
; Automatic Parallel Synthesis                                                    ; On                 ; On                 ;
; Partial Reconfiguration Bitstream ID                                            ; Off                ; Off                ;
+---------------------------------------------------------------------------------+--------------------+--------------------+


+------------------------------------------+
; Parallel Compilation                     ;
+----------------------------+-------------+
; Processors                 ; Number      ;
+----------------------------+-------------+
; Number detected on machine ; 12          ;
; Maximum allowed            ; 6           ;
;                            ;             ;
; Average used               ; 1.00        ;
; Maximum used               ; 6           ;
;                            ;             ;
; Usage by Processor         ; % Time Used ;
;     Processor 1            ; 100.0%      ;
;     Processors 2-6         ;   0.0%      ;
+----------------------------+-------------+


+--------------------------------------------------------------------------------------------------------------------------------+
; Analysis & Synthesis Source Files Read                                                                                         ;
+----------------------------------+-----------------+-----------------------+-----------------------------------------+---------+
; File Name with User-Entered Path ; Used in Netlist ; File Type             ; File Name with Absolute Path            ; Library ;
+----------------------------------+-----------------+-----------------------+-----------------------------------------+---------+
; lab3.vhd                         ; yes             ; Auto-Found VHDL File  ; C:/Users/Frienddo/Desktop/Lab3/lab3.vhd ;         ;
+----------------------------------+-----------------+-----------------------+-----------------------------------------+---------+


+--------------------------------------------------------------+
; Analysis & Synthesis Resource Usage Summary                  ;
+---------------------------------------------+----------------+
; Resource                                    ; Usage          ;
+---------------------------------------------+----------------+
; Estimate of Logic utilization (ALMs needed) ; 303            ;
;                                             ;                ;
; Combinational ALUT usage for logic          ; 495            ;
;     -- 7 input functions                    ; 19             ;
;     -- 6 input functions                    ; 91             ;
;     -- 5 input functions                    ; 93             ;
;     -- 4 input functions                    ; 96             ;
;     -- <=3 input functions                  ; 196            ;
;                                             ;                ;
; Dedicated logic registers                   ; 89             ;
;                                             ;                ;
; I/O pins                                    ; 57             ;
;                                             ;                ;
; Total DSP Blocks                            ; 0              ;
;                                             ;                ;
; Maximum fan-out node                        ; CLOCK_50~input ;
; Maximum fan-out                             ; 65             ;
; Total fan-out                               ; 2422           ;
; Average fan-out                             ; 3.47           ;
+---------------------------------------------+----------------+


+----------------------------------------------------------------------------------------------------------------------------------------------------------------------------------------+
; Analysis & Synthesis Resource Utilization by Entity                                                                                                                                    ;
+----------------------------+---------------------+---------------------------+-------------------+------------+------+--------------+---------------------+-------------+--------------+
; Compilation Hierarchy Node ; Combinational ALUTs ; Dedicated Logic Registers ; Block Memory Bits ; DSP Blocks ; Pins ; Virtual Pins ; Full Hierarchy Name ; Entity Name ; Library Name ;
+----------------------------+---------------------+---------------------------+-------------------+------------+------+--------------+---------------------+-------------+--------------+
; |lab3                      ; 495 (0)             ; 89 (0)                    ; 0                 ; 0          ; 57   ; 0            ; |lab3               ; lab3        ; work         ;
;    |binto7seg:u2|          ; 48 (48)             ; 0 (0)                     ; 0                 ; 0          ; 0    ; 0            ; |lab3|binto7seg:u2  ; binto7seg   ; work         ;
;    |binto7seg:u3|          ; 48 (48)             ; 0 (0)                     ; 0                 ; 0          ; 0    ; 0            ; |lab3|binto7seg:u3  ; binto7seg   ; work         ;
;    |binto7seg:u4|          ; 48 (48)             ; 0 (0)                     ; 0                 ; 0          ; 0    ; 0            ; |lab3|binto7seg:u4  ; binto7seg   ; work         ;
;    |clock:u1|              ; 351 (351)           ; 89 (89)                   ; 0                 ; 0          ; 0    ; 0            ; |lab3|clock:u1      ; clock       ; work         ;
+----------------------------+---------------------+---------------------------+-------------------+------------+------+--------------+---------------------+-------------+--------------+
Note: For table entries with two numbers listed, the numbers in parentheses indicate the number of resources of the given type used by the specific entity alone. The numbers listed outside of parentheses indicate the total resources of the given type used by the specific entity and all of its sub-entities in the hierarchy.


+---------------------------------------------------------------------------------------------------+
; User-Specified and Inferred Latches                                                               ;
+----------------------------------------------------+---------------------+------------------------+
; Latch Name                                         ; Latch Enable Signal ; Free of Timing Hazards ;
+----------------------------------------------------+---------------------+------------------------+
; clock:u1|temp[7]                                   ; clock:u1|temp[6]    ; yes                    ;
; clock:u1|temp[6]                                   ; clock:u1|temp[6]    ; yes                    ;
; clock:u1|temp[5]                                   ; clock:u1|temp[6]    ; yes                    ;
; clock:u1|temp[4]                                   ; clock:u1|temp[6]    ; yes                    ;
; clock:u1|temp[3]                                   ; clock:u1|temp[6]    ; yes                    ;
; clock:u1|temp[2]                                   ; clock:u1|temp[6]    ; yes                    ;
; clock:u1|temp[0]                                   ; clock:u1|temp[6]    ; yes                    ;
; clock:u1|temp[1]                                   ; clock:u1|temp[6]    ; yes                    ;
; Number of user-specified and inferred latches = 8  ;                     ;                        ;
+----------------------------------------------------+---------------------+------------------------+
Note: All latches listed above may not be present at the end of synthesis due to various synthesis optimizations.


+------------------------------------------------------+
; General Register Statistics                          ;
+----------------------------------------------+-------+
; Statistic                                    ; Value ;
+----------------------------------------------+-------+
; Total registers                              ; 89    ;
; Number of registers using Synchronous Clear  ; 62    ;
; Number of registers using Synchronous Load   ; 0     ;
; Number of registers using Asynchronous Clear ; 24    ;
; Number of registers using Asynchronous Load  ; 0     ;
; Number of registers using Clock Enable       ; 86    ;
; Number of registers using Preset             ; 0     ;
+----------------------------------------------+-------+


+--------------------------------------------------+
; Inverted Register Statistics                     ;
+----------------------------------------+---------+
; Inverted Register                      ; Fan out ;
+----------------------------------------+---------+
; clock:u1|count[0]                      ; 3       ;
; clock:u1|count2[0]                     ; 29      ;
; Total number of inverted registers = 2 ;         ;
+----------------------------------------+---------+


+------------------------------------------------------------------------------------------------------------------------------------------+
; Multiplexer Restructuring Statistics (Restructuring Performed)                                                                           ;
+--------------------+-----------+---------------+----------------------+------------------------+------------+----------------------------+
; Multiplexer Inputs ; Bus Width ; Baseline Area ; Area if Restructured ; Saving if Restructured ; Registered ; Example Multiplexer Output ;
+--------------------+-----------+---------------+----------------------+------------------------+------------+----------------------------+
; 3:1                ; 2 bits    ; 4 LEs         ; 4 LEs                ; 0 LEs                  ; No         ; |lab3|clock:u1|tempH[2]    ;
+--------------------+-----------+---------------+----------------------+------------------------+------------+----------------------------+


+--------------------------------------------------------------------------------------------------------------------+
; Port Connectivity Checks: "binto7seg:u4"                                                                           ;
+----------+--------+----------+-------------------------------------------------------------------------------------+
; Port     ; Type   ; Severity ; Details                                                                             ;
+----------+--------+----------+-------------------------------------------------------------------------------------+
; overflow ; Output ; Info     ; Connected to dangling logic. Logic that only feeds a dangling port will be removed. ;
+----------+--------+----------+-------------------------------------------------------------------------------------+


+--------------------------------------------------------------------------------------------------------------------+
; Port Connectivity Checks: "binto7seg:u3"                                                                           ;
+----------+--------+----------+-------------------------------------------------------------------------------------+
; Port     ; Type   ; Severity ; Details                                                                             ;
+----------+--------+----------+-------------------------------------------------------------------------------------+
; overflow ; Output ; Info     ; Connected to dangling logic. Logic that only feeds a dangling port will be removed. ;
+----------+--------+----------+-------------------------------------------------------------------------------------+


+--------------------------------------------------------------------------------------------------------------------+
; Port Connectivity Checks: "binto7seg:u2"                                                                           ;
+----------+--------+----------+-------------------------------------------------------------------------------------+
; Port     ; Type   ; Severity ; Details                                                                             ;
+----------+--------+----------+-------------------------------------------------------------------------------------+
; overflow ; Output ; Info     ; Connected to dangling logic. Logic that only feeds a dangling port will be removed. ;
+----------+--------+----------+-------------------------------------------------------------------------------------+


+----------------------------------------------------------------------------------------------------------------+
; Port Connectivity Checks: "clock:u1"                                                                           ;
+------+--------+----------+-------------------------------------------------------------------------------------+
; Port ; Type   ; Severity ; Details                                                                             ;
+------+--------+----------+-------------------------------------------------------------------------------------+
; tick ; Output ; Info     ; Connected to dangling logic. Logic that only feeds a dangling port will be removed. ;
; zap  ; Output ; Info     ; Connected to dangling logic. Logic that only feeds a dangling port will be removed. ;
+------+--------+----------+-------------------------------------------------------------------------------------+


+-----------------------------------------------------+
; Post-Synthesis Netlist Statistics for Top Partition ;
+-----------------------+-----------------------------+
; Type                  ; Count                       ;
+-----------------------+-----------------------------+
; arriav_ff             ; 89                          ;
;     ENA CLR           ; 24                          ;
;     ENA SCLR          ; 62                          ;
;     plain             ; 3                           ;
; arriav_lcell_comb     ; 495                         ;
;     arith             ; 95                          ;
;         0 data inputs ; 1                           ;
;         1 data inputs ; 89                          ;
;         2 data inputs ; 2                           ;
;         3 data inputs ; 1                           ;
;         4 data inputs ; 2                           ;
;     extend            ; 19                          ;
;         7 data inputs ; 19                          ;
;     normal            ; 381                         ;
;         2 data inputs ; 49                          ;
;         3 data inputs ; 54                          ;
;         4 data inputs ; 94                          ;
;         5 data inputs ; 93                          ;
;         6 data inputs ; 91                          ;
; boundary_port         ; 57                          ;
;                       ;                             ;
; Max LUT depth         ; 6.00                        ;
; Average LUT depth     ; 3.16                        ;
+-----------------------+-----------------------------+


+-------------------------------+
; Elapsed Time Per Partition    ;
+----------------+--------------+
; Partition Name ; Elapsed Time ;
+----------------+--------------+
; Top            ; 00:00:02     ;
+----------------+--------------+


+-------------------------------+
; Analysis & Synthesis Messages ;
+-------------------------------+
Info: *******************************************************************
Info: Running Quartus Prime Analysis & Synthesis
    Info: Version 18.1.0 Build 625 09/12/2018 SJ Lite Edition
    Info: Processing started: Mon Feb 25 00:51:56 2019
Info: Command: quartus_map --read_settings_files=on --write_settings_files=off Lab3 -c Lab3
Warning (18236): Number of processors has not been specified which may cause overloading on shared machines.  Set the global assignment NUM_PARALLEL_PROCESSORS in your QSF to an appropriate value for best performance.
Info (20030): Parallel compilation is enabled and will use 6 of the 6 processors detected
Warning (12019): Can't analyze file -- file Lab2.vhd is missing
Warning (12125): Using design file lab3.vhd, which is not specified as a design file for the current project, but contains definitions for 8 design units and 4 entities in project
    Info (12022): Found design unit 1: lab3-test File: C:/Users/Frienddo/Desktop/Lab3/lab3.vhd Line: 20
    Info (12022): Found design unit 2: binto7seg-behavior File: C:/Users/Frienddo/Desktop/Lab3/lab3.vhd Line: 91
    Info (12022): Found design unit 3: get7bitsbcd-behavior File: C:/Users/Frienddo/Desktop/Lab3/lab3.vhd Line: 246
    Info (12022): Found design unit 4: clock-behavior File: C:/Users/Frienddo/Desktop/Lab3/lab3.vhd Line: 280
    Info (12023): Found entity 1: lab3 File: C:/Users/Frienddo/Desktop/Lab3/lab3.vhd Line: 5
    Info (12023): Found entity 2: binto7seg File: C:/Users/Frienddo/Desktop/Lab3/lab3.vhd Line: 81
    Info (12023): Found entity 3: get7bitsbcd File: C:/Users/Frienddo/Desktop/Lab3/lab3.vhd Line: 236
    Info (12023): Found entity 4: clock File: C:/Users/Frienddo/Desktop/Lab3/lab3.vhd Line: 268
Info (12127): Elaborating entity "Lab3" for the top level hierarchy
Warning (10036): Verilog HDL or VHDL warning at lab3.vhd(21): object "zap" assigned a value but never read File: C:/Users/Frienddo/Desktop/Lab3/lab3.vhd Line: 21
Info (12128): Elaborating entity "clock" for hierarchy "clock:u1" File: C:/Users/Frienddo/Desktop/Lab3/lab3.vhd Line: 57
Warning (10492): VHDL Process Statement warning at lab3.vhd(525): signal "tempS" is read inside the Process Statement but isn't in the Process Statement's sensitivity list File: C:/Users/Frienddo/Desktop/Lab3/lab3.vhd Line: 525
Warning (10492): VHDL Process Statement warning at lab3.vhd(528): signal "tempM" is read inside the Process Statement but isn't in the Process Statement's sensitivity list File: C:/Users/Frienddo/Desktop/Lab3/lab3.vhd Line: 528
Warning (10492): VHDL Process Statement warning at lab3.vhd(531): signal "tempH" is read inside the Process Statement but isn't in the Process Statement's sensitivity list File: C:/Users/Frienddo/Desktop/Lab3/lab3.vhd Line: 531
Warning (10492): VHDL Process Statement warning at lab3.vhd(536): signal "BinIn" is read inside the Process Statement but isn't in the Process Statement's sensitivity list File: C:/Users/Frienddo/Desktop/Lab3/lab3.vhd Line: 536
Warning (10492): VHDL Process Statement warning at lab3.vhd(537): signal "temp" is read inside the Process Statement but isn't in the Process Statement's sensitivity list File: C:/Users/Frienddo/Desktop/Lab3/lab3.vhd Line: 537
Warning (10492): VHDL Process Statement warning at lab3.vhd(538): signal "temp" is read inside the Process Statement but isn't in the Process Statement's sensitivity list File: C:/Users/Frienddo/Desktop/Lab3/lab3.vhd Line: 538
Warning (10492): VHDL Process Statement warning at lab3.vhd(543): signal "BinIn" is read inside the Process Statement but isn't in the Process Statement's sensitivity list File: C:/Users/Frienddo/Desktop/Lab3/lab3.vhd Line: 543
Warning (10492): VHDL Process Statement warning at lab3.vhd(544): signal "temp" is read inside the Process Statement but isn't in the Process Statement's sensitivity list File: C:/Users/Frienddo/Desktop/Lab3/lab3.vhd Line: 544
Warning (10492): VHDL Process Statement warning at lab3.vhd(545): signal "temp" is read inside the Process Statement but isn't in the Process Statement's sensitivity list File: C:/Users/Frienddo/Desktop/Lab3/lab3.vhd Line: 545
Warning (10492): VHDL Process Statement warning at lab3.vhd(550): signal "BinIn" is read inside the Process Statement but isn't in the Process Statement's sensitivity list File: C:/Users/Frienddo/Desktop/Lab3/lab3.vhd Line: 550
Warning (10492): VHDL Process Statement warning at lab3.vhd(551): signal "temp" is read inside the Process Statement but isn't in the Process Statement's sensitivity list File: C:/Users/Frienddo/Desktop/Lab3/lab3.vhd Line: 551
Warning (10492): VHDL Process Statement warning at lab3.vhd(552): signal "temp" is read inside the Process Statement but isn't in the Process Statement's sensitivity list File: C:/Users/Frienddo/Desktop/Lab3/lab3.vhd Line: 552
Warning (10631): VHDL Process Statement warning at lab3.vhd(520): inferring latch(es) for signal or variable "temp", which holds its previous value in one or more paths through the process File: C:/Users/Frienddo/Desktop/Lab3/lab3.vhd Line: 520
Info (10041): Inferred latch for "temp[0]" at lab3.vhd(520) File: C:/Users/Frienddo/Desktop/Lab3/lab3.vhd Line: 520
Info (10041): Inferred latch for "temp[1]" at lab3.vhd(520) File: C:/Users/Frienddo/Desktop/Lab3/lab3.vhd Line: 520
Info (10041): Inferred latch for "temp[2]" at lab3.vhd(520) File: C:/Users/Frienddo/Desktop/Lab3/lab3.vhd Line: 520
Info (10041): Inferred latch for "temp[3]" at lab3.vhd(520) File: C:/Users/Frienddo/Desktop/Lab3/lab3.vhd Line: 520
Info (10041): Inferred latch for "temp[4]" at lab3.vhd(520) File: C:/Users/Frienddo/Desktop/Lab3/lab3.vhd Line: 520
Info (10041): Inferred latch for "temp[5]" at lab3.vhd(520) File: C:/Users/Frienddo/Desktop/Lab3/lab3.vhd Line: 520
Info (10041): Inferred latch for "temp[6]" at lab3.vhd(520) File: C:/Users/Frienddo/Desktop/Lab3/lab3.vhd Line: 520
Info (10041): Inferred latch for "temp[7]" at lab3.vhd(520) File: C:/Users/Frienddo/Desktop/Lab3/lab3.vhd Line: 520
Info (12128): Elaborating entity "binto7seg" for hierarchy "binto7seg:u2" File: C:/Users/Frienddo/Desktop/Lab3/lab3.vhd Line: 60
Warning (13004): Presettable and clearable registers converted to equivalent circuits with latches. Registers power-up to an undefined state, and DEVCLRn places the registers in an undefined state.
    Warning (13310): Register "clock:u1|tempS[7]" is converted into an equivalent circuit using register "clock:u1|tempS[7]~_emulated" and latch "clock:u1|tempS[7]~1" File: C:/Users/Frienddo/Desktop/Lab3/lab3.vhd Line: 524
    Warning (13310): Register "clock:u1|tempS[0]" is converted into an equivalent circuit using register "clock:u1|tempS[0]~_emulated" and latch "clock:u1|tempS[0]~5" File: C:/Users/Frienddo/Desktop/Lab3/lab3.vhd Line: 524
    Warning (13310): Register "clock:u1|tempS[2]" is converted into an equivalent circuit using register "clock:u1|tempS[2]~_emulated" and latch "clock:u1|tempS[2]~9" File: C:/Users/Frienddo/Desktop/Lab3/lab3.vhd Line: 524
    Warning (13310): Register "clock:u1|tempS[1]" is converted into an equivalent circuit using register "clock:u1|tempS[1]~_emulated" and latch "clock:u1|tempS[1]~13" File: C:/Users/Frienddo/Desktop/Lab3/lab3.vhd Line: 524
    Warning (13310): Register "clock:u1|tempS[4]" is converted into an equivalent circuit using register "clock:u1|tempS[4]~_emulated" and latch "clock:u1|tempS[4]~17" File: C:/Users/Frienddo/Desktop/Lab3/lab3.vhd Line: 524
    Warning (13310): Register "clock:u1|tempS[3]" is converted into an equivalent circuit using register "clock:u1|tempS[3]~_emulated" and latch "clock:u1|tempS[3]~21" File: C:/Users/Frienddo/Desktop/Lab3/lab3.vhd Line: 524
    Warning (13310): Register "clock:u1|tempS[5]" is converted into an equivalent circuit using register "clock:u1|tempS[5]~_emulated" and latch "clock:u1|tempS[5]~25" File: C:/Users/Frienddo/Desktop/Lab3/lab3.vhd Line: 524
    Warning (13310): Register "clock:u1|tempS[6]" is converted into an equivalent circuit using register "clock:u1|tempS[6]~_emulated" and latch "clock:u1|tempS[6]~29" File: C:/Users/Frienddo/Desktop/Lab3/lab3.vhd Line: 524
    Warning (13310): Register "clock:u1|tempM[7]" is converted into an equivalent circuit using register "clock:u1|tempM[7]~_emulated" and latch "clock:u1|tempM[7]~1" File: C:/Users/Frienddo/Desktop/Lab3/lab3.vhd Line: 524
    Warning (13310): Register "clock:u1|tempM[0]" is converted into an equivalent circuit using register "clock:u1|tempM[0]~_emulated" and latch "clock:u1|tempM[0]~5" File: C:/Users/Frienddo/Desktop/Lab3/lab3.vhd Line: 524
    Warning (13310): Register "clock:u1|tempM[2]" is converted into an equivalent circuit using register "clock:u1|tempM[2]~_emulated" and latch "clock:u1|tempM[2]~9" File: C:/Users/Frienddo/Desktop/Lab3/lab3.vhd Line: 524
    Warning (13310): Register "clock:u1|tempM[1]" is converted into an equivalent circuit using register "clock:u1|tempM[1]~_emulated" and latch "clock:u1|tempM[1]~13" File: C:/Users/Frienddo/Desktop/Lab3/lab3.vhd Line: 524
    Warning (13310): Register "clock:u1|tempM[4]" is converted into an equivalent circuit using register "clock:u1|tempM[4]~_emulated" and latch "clock:u1|tempM[4]~17" File: C:/Users/Frienddo/Desktop/Lab3/lab3.vhd Line: 524
    Warning (13310): Register "clock:u1|tempM[3]" is converted into an equivalent circuit using register "clock:u1|tempM[3]~_emulated" and latch "clock:u1|tempM[3]~21" File: C:/Users/Frienddo/Desktop/Lab3/lab3.vhd Line: 524
    Warning (13310): Register "clock:u1|tempM[5]" is converted into an equivalent circuit using register "clock:u1|tempM[5]~_emulated" and latch "clock:u1|tempM[5]~25" File: C:/Users/Frienddo/Desktop/Lab3/lab3.vhd Line: 524
    Warning (13310): Register "clock:u1|tempM[6]" is converted into an equivalent circuit using register "clock:u1|tempM[6]~_emulated" and latch "clock:u1|tempM[6]~29" File: C:/Users/Frienddo/Desktop/Lab3/lab3.vhd Line: 524
    Warning (13310): Register "clock:u1|tempH[7]" is converted into an equivalent circuit using register "clock:u1|tempH[7]~_emulated" and latch "clock:u1|tempH[7]~1" File: C:/Users/Frienddo/Desktop/Lab3/lab3.vhd Line: 524
    Warning (13310): Register "clock:u1|tempH[0]" is converted into an equivalent circuit using register "clock:u1|tempH[0]~_emulated" and latch "clock:u1|tempH[0]~5" File: C:/Users/Frienddo/Desktop/Lab3/lab3.vhd Line: 524
    Warning (13310): Register "clock:u1|tempH[2]" is converted into an equivalent circuit using register "clock:u1|tempH[2]~_emulated" and latch "clock:u1|tempH[2]~9" File: C:/Users/Frienddo/Desktop/Lab3/lab3.vhd Line: 524
    Warning (13310): Register "clock:u1|tempH[1]" is converted into an equivalent circuit using register "clock:u1|tempH[1]~_emulated" and latch "clock:u1|tempH[1]~13" File: C:/Users/Frienddo/Desktop/Lab3/lab3.vhd Line: 524
    Warning (13310): Register "clock:u1|tempH[4]" is converted into an equivalent circuit using register "clock:u1|tempH[4]~_emulated" and latch "clock:u1|tempH[4]~17" File: C:/Users/Frienddo/Desktop/Lab3/lab3.vhd Line: 524
    Warning (13310): Register "clock:u1|tempH[3]" is converted into an equivalent circuit using register "clock:u1|tempH[3]~_emulated" and latch "clock:u1|tempH[3]~21" File: C:/Users/Frienddo/Desktop/Lab3/lab3.vhd Line: 524
    Warning (13310): Register "clock:u1|tempH[5]" is converted into an equivalent circuit using register "clock:u1|tempH[5]~_emulated" and latch "clock:u1|tempH[5]~25" File: C:/Users/Frienddo/Desktop/Lab3/lab3.vhd Line: 524
    Warning (13310): Register "clock:u1|tempH[6]" is converted into an equivalent circuit using register "clock:u1|tempH[6]~_emulated" and latch "clock:u1|tempH[6]~29" File: C:/Users/Frienddo/Desktop/Lab3/lab3.vhd Line: 524
Info (286030): Timing-Driven Synthesis is running
Warning (20013): Ignored 24 assignments for entity "Lab21" -- entity does not exist in design
    Warning (20014): Assignment for entity set_instance_assignment -name PARTITION_HIERARCHY root_partition -to | -entity Lab21 -section_id Top was ignored
    Warning (20014): Assignment for entity set_global_assignment -name PARTITION_NETLIST_TYPE SOURCE -entity Lab21 -section_id Top was ignored
    Warning (20014): Assignment for entity set_global_assignment -name PARTITION_FITTER_PRESERVATION_LEVEL PLACEMENT_AND_ROUTING -entity Lab21 -section_id Top was ignored
    Warning (20014): Assignment for entity set_global_assignment -name PARTITION_PRESERVE_HIGH_SPEED_TILES ON -entity Lab21 -section_id Top was ignored
    Warning (20014): Assignment for entity set_global_assignment -name PARTITION_IGNORE_SOURCE_FILE_CHANGES OFF -entity Lab21 -section_id Top was ignored
    Warning (20014): Assignment for entity set_global_assignment -name PARTITION_ALWAYS_USE_QXP_NETLIST OFF -entity Lab21 -section_id Top was ignored
    Warning (20014): Assignment for entity set_global_assignment -name PARTITION_COLOR 16764057 -entity Lab21 -section_id Top was ignored
    Warning (20014): Assignment for entity set_global_assignment -name PARTITION_IMPORT_ASSIGNMENTS ON -entity Lab21 -section_id Top was ignored
    Warning (20014): Assignment for entity set_global_assignment -name PARTITION_IMPORT_EXISTING_ASSIGNMENTS REPLACE_CONFLICTING -entity Lab21 -section_id Top was ignored
    Warning (20014): Assignment for entity set_global_assignment -name PARTITION_IMPORT_EXISTING_LOGICLOCK_REGIONS UPDATE_CONFLICTING -entity Lab21 -section_id Top was ignored
    Warning (20014): Assignment for entity set_global_assignment -name PARTITION_IMPORT_PIN_ASSIGNMENTS ON -entity Lab21 -section_id Top was ignored
    Warning (20014): Assignment for entity set_global_assignment -name PARTITION_IMPORT_PROMOTE_ASSIGNMENTS ON -entity Lab21 -section_id Top was ignored
    Warning (20014): Assignment for entity set_global_assignment -name PARTITION_TYPE STANDARD_PARTITION -entity Lab21 -section_id Top was ignored
    Warning (20014): Assignment for entity set_global_assignment -name ALLOW_MULTIPLE_PERSONAS OFF -entity Lab21 -section_id Top was ignored
    Warning (20014): Assignment for entity set_global_assignment -name PARTITION_ASD_REGION_ID 1 -entity Lab21 -section_id Top was ignored
    Warning (20014): Assignment for entity set_global_assignment -name CROSS_BOUNDARY_OPTIMIZATIONS OFF -entity Lab21 -section_id Top was ignored
    Warning (20014): Assignment for entity set_global_assignment -name PROPAGATE_CONSTANTS_ON_INPUTS ON -entity Lab21 -section_id Top was ignored
    Warning (20014): Assignment for entity set_global_assignment -name PROPAGATE_INVERSIONS_ON_INPUTS ON -entity Lab21 -section_id Top was ignored
    Warning (20014): Assignment for entity set_global_assignment -name REMOVE_LOGIC_ON_UNCONNECTED_OUTPUTS ON -entity Lab21 -section_id Top was ignored
    Warning (20014): Assignment for entity set_global_assignment -name MERGE_EQUIVALENT_INPUTS ON -entity Lab21 -section_id Top was ignored
    Warning (20014): Assignment for entity set_global_assignment -name MERGE_EQUIVALENT_BIDIRS ON -entity Lab21 -section_id Top was ignored
    Warning (20014): Assignment for entity set_global_assignment -name ABSORB_PATHS_FROM_OUTPUTS_TO_INPUTS ON -entity Lab21 -section_id Top was ignored
    Warning (20014): Assignment for entity set_global_assignment -name PARTITION_EXTRACT_HARD_BLOCK_NODES ON -entity Lab21 -section_id Top was ignored
    Warning (20014): Assignment for entity set_global_assignment -name PARTITION_ENABLE_STRICT_PRESERVATION OFF -entity Lab21 -section_id Top was ignored
Info (16010): Generating hard_block partition "hard_block:auto_generated_inst"
    Info (16011): Adding 0 node(s), including 0 DDIO, 0 PLL, 0 transceiver and 0 LCELL
Warning (21074): Design contains 2 input pin(s) that do not drive logic
    Warning (15610): No output dependent on input pin "PB3" File: C:/Users/Frienddo/Desktop/Lab3/lab3.vhd Line: 8
    Warning (15610): No output dependent on input pin "SW8" File: C:/Users/Frienddo/Desktop/Lab3/lab3.vhd Line: 10
Info (21057): Implemented 552 device resources after synthesis - the final resource count might be different
    Info (21058): Implemented 15 input pins
    Info (21059): Implemented 42 output pins
    Info (21061): Implemented 495 logic cells
Info: Quartus Prime Analysis & Synthesis was successful. 0 errors, 70 warnings
    Info: Peak virtual memory: 4886 megabytes
    Info: Processing ended: Mon Feb 25 00:52:08 2019
    Info: Elapsed time: 00:00:12
    Info: Total CPU time (on all processors): 00:00:23


